  Character.cpp
  Day.cpp
  Dialogue.cpp
Dialogue.cpp(171): warning C4244: 'initializing': conversion from 'int' to 'float', possible loss of data
  main.cpp
  MainGame.cpp
  MainMenu.cpp
  Scene.cpp
  Generating code
c:\users\zentryn\documents\visual studio 2015\projects\visual-novel-game-cpp\bengine\inputmanager.cpp(39): warning C4715: 'Bengine::InputManager::isKeyDown': not all control paths return a value
  All 3275 functions were compiled because no usable IPDB/IOBJ from previous compilation was found.
  Finished generating code
libyaml-cppmdd.lib(directives.obj) : warning LNK4099: PDB 'yaml-cpp static md.pdb' was not found with 'libyaml-cppmdd.lib(directives.obj)' or at 'C:\Users\Zentryn\Documents\Visual Studio 2015\Projects\Visual-Novel-Game-Cpp\Release\yaml-cpp static md.pdb'; linking object as if no debug info
libyaml-cppmdd.lib(exp.obj) : warning LNK4099: PDB 'yaml-cpp static md.pdb' was not found with 'libyaml-cppmdd.lib(exp.obj)' or at 'C:\Users\Zentryn\Documents\Visual Studio 2015\Projects\Visual-Novel-Game-Cpp\Release\yaml-cpp static md.pdb'; linking object as if no debug info
libyaml-cppmdd.lib(memory.obj) : warning LNK4099: PDB 'yaml-cpp static md.pdb' was not found with 'libyaml-cppmdd.lib(memory.obj)' or at 'C:\Users\Zentryn\Documents\Visual Studio 2015\Projects\Visual-Novel-Game-Cpp\Release\yaml-cpp static md.pdb'; linking object as if no debug info
libyaml-cppmdd.lib(node_data.obj) : warning LNK4099: PDB 'yaml-cpp static md.pdb' was not found with 'libyaml-cppmdd.lib(node_data.obj)' or at 'C:\Users\Zentryn\Documents\Visual Studio 2015\Projects\Visual-Novel-Game-Cpp\Release\yaml-cpp static md.pdb'; linking object as if no debug info
libyaml-cppmdd.lib(nodebuilder.obj) : warning LNK4099: PDB 'yaml-cpp static md.pdb' was not found with 'libyaml-cppmdd.lib(nodebuilder.obj)' or at 'C:\Users\Zentryn\Documents\Visual Studio 2015\Projects\Visual-Novel-Game-Cpp\Release\yaml-cpp static md.pdb'; linking object as if no debug info
libyaml-cppmdd.lib(null.obj) : warning LNK4099: PDB 'yaml-cpp static md.pdb' was not found with 'libyaml-cppmdd.lib(null.obj)' or at 'C:\Users\Zentryn\Documents\Visual Studio 2015\Projects\Visual-Novel-Game-Cpp\Release\yaml-cpp static md.pdb'; linking object as if no debug info
libyaml-cppmdd.lib(parse.obj) : warning LNK4099: PDB 'yaml-cpp static md.pdb' was not found with 'libyaml-cppmdd.lib(parse.obj)' or at 'C:\Users\Zentryn\Documents\Visual Studio 2015\Projects\Visual-Novel-Game-Cpp\Release\yaml-cpp static md.pdb'; linking object as if no debug info
libyaml-cppmdd.lib(parser.obj) : warning LNK4099: PDB 'yaml-cpp static md.pdb' was not found with 'libyaml-cppmdd.lib(parser.obj)' or at 'C:\Users\Zentryn\Documents\Visual Studio 2015\Projects\Visual-Novel-Game-Cpp\Release\yaml-cpp static md.pdb'; linking object as if no debug info
libyaml-cppmdd.lib(regex_yaml.obj) : warning LNK4099: PDB 'yaml-cpp static md.pdb' was not found with 'libyaml-cppmdd.lib(regex_yaml.obj)' or at 'C:\Users\Zentryn\Documents\Visual Studio 2015\Projects\Visual-Novel-Game-Cpp\Release\yaml-cpp static md.pdb'; linking object as if no debug info
libyaml-cppmdd.lib(scanner.obj) : warning LNK4099: PDB 'yaml-cpp static md.pdb' was not found with 'libyaml-cppmdd.lib(scanner.obj)' or at 'C:\Users\Zentryn\Documents\Visual Studio 2015\Projects\Visual-Novel-Game-Cpp\Release\yaml-cpp static md.pdb'; linking object as if no debug info
libyaml-cppmdd.lib(scanscalar.obj) : warning LNK4099: PDB 'yaml-cpp static md.pdb' was not found with 'libyaml-cppmdd.lib(scanscalar.obj)' or at 'C:\Users\Zentryn\Documents\Visual Studio 2015\Projects\Visual-Novel-Game-Cpp\Release\yaml-cpp static md.pdb'; linking object as if no debug info
libyaml-cppmdd.lib(scantag.obj) : warning LNK4099: PDB 'yaml-cpp static md.pdb' was not found with 'libyaml-cppmdd.lib(scantag.obj)' or at 'C:\Users\Zentryn\Documents\Visual Studio 2015\Projects\Visual-Novel-Game-Cpp\Release\yaml-cpp static md.pdb'; linking object as if no debug info
libyaml-cppmdd.lib(scantoken.obj) : warning LNK4099: PDB 'yaml-cpp static md.pdb' was not found with 'libyaml-cppmdd.lib(scantoken.obj)' or at 'C:\Users\Zentryn\Documents\Visual Studio 2015\Projects\Visual-Novel-Game-Cpp\Release\yaml-cpp static md.pdb'; linking object as if no debug info
libyaml-cppmdd.lib(simplekey.obj) : warning LNK4099: PDB 'yaml-cpp static md.pdb' was not found with 'libyaml-cppmdd.lib(simplekey.obj)' or at 'C:\Users\Zentryn\Documents\Visual Studio 2015\Projects\Visual-Novel-Game-Cpp\Release\yaml-cpp static md.pdb'; linking object as if no debug info
libyaml-cppmdd.lib(singledocparser.obj) : warning LNK4099: PDB 'yaml-cpp static md.pdb' was not found with 'libyaml-cppmdd.lib(singledocparser.obj)' or at 'C:\Users\Zentryn\Documents\Visual Studio 2015\Projects\Visual-Novel-Game-Cpp\Release\yaml-cpp static md.pdb'; linking object as if no debug info
libyaml-cppmdd.lib(stream.obj) : warning LNK4099: PDB 'yaml-cpp static md.pdb' was not found with 'libyaml-cppmdd.lib(stream.obj)' or at 'C:\Users\Zentryn\Documents\Visual Studio 2015\Projects\Visual-Novel-Game-Cpp\Release\yaml-cpp static md.pdb'; linking object as if no debug info
libyaml-cppmdd.lib(tag.obj) : warning LNK4099: PDB 'yaml-cpp static md.pdb' was not found with 'libyaml-cppmdd.lib(tag.obj)' or at 'C:\Users\Zentryn\Documents\Visual Studio 2015\Projects\Visual-Novel-Game-Cpp\Release\yaml-cpp static md.pdb'; linking object as if no debug info
  Visual Novel Game.vcxproj -> C:\Users\Zentryn\Documents\Visual Studio 2015\Projects\Visual-Novel-Game-Cpp\Release\Visual Novel Game.exe
  Visual Novel Game.vcxproj -> C:\Users\Zentryn\Documents\Visual Studio 2015\Projects\Visual-Novel-Game-Cpp\Release\Visual Novel Game.pdb (Full PDB)
