  Window.cpp
  Timing.cpp
c:\users\zentryn\documents\visual studio 2015\projects\visual-novel-game-cpp\bengine\timing.cpp(45): warning C4244: 'initializing': conversion from 'Uint32' to 'float', possible loss of data
c:\users\zentryn\documents\visual studio 2015\projects\visual-novel-game-cpp\bengine\timing.cpp(50): warning C4244: 'argument': conversion from 'float' to 'Uint32', possible loss of data
c:\users\zentryn\documents\visual studio 2015\projects\visual-novel-game-cpp\bengine\timing.cpp(64): warning C4244: 'initializing': conversion from 'Uint32' to 'float', possible loss of data
c:\users\zentryn\documents\visual studio 2015\projects\visual-novel-game-cpp\bengine\timing.cpp(67): warning C4244: '=': conversion from 'Uint32' to 'float', possible loss of data
  TextureCache.cpp
  SpriteFont.cpp
  SpriteBatch.cpp
c:\users\zentryn\documents\visual studio 2015\projects\visual-novel-game-cpp\bengine\spritebatch.cpp(56): warning C4018: '<': signed/unsigned mismatch
c:\users\zentryn\documents\visual studio 2015\projects\visual-novel-game-cpp\bengine\spritebatch.cpp(77): warning C4018: '<': signed/unsigned mismatch
  Sprite.cpp
  ResourceManager.cpp
  picoPNG.cpp
  IOManager.cpp
c:\users\zentryn\documents\visual studio 2015\projects\visual-novel-game-cpp\bengine\iomanager.cpp(19): warning C4244: 'initializing': conversion from 'std::streamoff' to 'int', possible loss of data
c:\users\zentryn\documents\visual studio 2015\projects\visual-novel-game-cpp\bengine\iomanager.cpp(25): warning C4244: '-=': conversion from 'std::streamoff' to 'int', possible loss of data
  InputManager.cpp
  ImageLoader.cpp
  GLSLProgram.cpp
  BengineErrors.cpp
  Camera2D.cpp
  Bengine.cpp
  AudioEngine.cpp
  Generating Code...
c:\users\zentryn\documents\visual studio 2015\projects\visual-novel-game-cpp\bengine\inputmanager.cpp(39): warning C4715: 'Bengine::InputManager::isKeyDown': not all control paths return a value
  Bengine.vcxproj -> C:\Users\Zentryn\Documents\Visual Studio 2015\Projects\Visual-Novel-Game-Cpp\Debug\Bengine.lib
