  MainProgram.cpp
MainProgram.cpp(252): warning C4018: '>': signed/unsigned mismatch
MainProgram.cpp(381): warning C4018: '<': signed/unsigned mismatch
MainProgram.cpp(537): warning C4018: '>': signed/unsigned mismatch
MainProgram.cpp(552): warning C4018: '>': signed/unsigned mismatch
MainProgram.cpp(587): warning C4018: '>': signed/unsigned mismatch
MainProgram.cpp(643): warning C4018: '>': signed/unsigned mismatch
MainProgram.cpp(661): warning C4018: '>': signed/unsigned mismatch
MainProgram.cpp(679): warning C4018: '>': signed/unsigned mismatch
MainProgram.cpp(694): warning C4018: '>': signed/unsigned mismatch
MainProgram.cpp(709): warning C4018: '>': signed/unsigned mismatch
MainProgram.cpp(843): warning C4244: '=': conversion from 'int' to 'float', possible loss of data
MainProgram.cpp(844): warning C4244: '=': conversion from 'int' to 'float', possible loss of data
MainProgram.cpp(845): warning C4244: '=': conversion from 'int' to 'float', possible loss of data
MainProgram.cpp(850): warning C4244: '=': conversion from 'int' to 'float', possible loss of data
MainProgram.cpp(851): warning C4244: '=': conversion from 'int' to 'float', possible loss of data
MainProgram.cpp(852): warning C4244: '=': conversion from 'int' to 'float', possible loss of data
MainProgram.cpp(1448): warning C4018: '<': signed/unsigned mismatch
MainProgram.cpp(1620): warning C4018: '>': signed/unsigned mismatch
MainProgram.cpp(1657): warning C4018: '>': signed/unsigned mismatch
MainProgram.cpp(1668): warning C4018: '>': signed/unsigned mismatch
MainProgram.cpp(1679): warning C4018: '>': signed/unsigned mismatch
MainProgram.cpp(1743): warning C4018: '>': signed/unsigned mismatch
MainProgram.cpp(2073): warning C4018: '>': signed/unsigned mismatch
MainProgram.cpp(2088): warning C4018: '>': signed/unsigned mismatch
MainProgram.cpp(2103): warning C4018: '>': signed/unsigned mismatch
MainProgram.cpp(2120): warning C4018: '>': signed/unsigned mismatch
MainProgram.cpp(2142): warning C4018: '>': signed/unsigned mismatch
MainProgram.cpp(2251): warning C4018: '>': signed/unsigned mismatch
  Generating code
  2 of 2883 functions ( 0.1%) were compiled, the rest were copied from previous compilation.
    0 functions were new in current compilation
    8 functions had inline decision re-evaluated but remain unchanged
  Finished generating code
libyaml-cppmdd.lib(directives.obj) : warning LNK4099: PDB 'yaml-cpp static md.pdb' was not found with 'libyaml-cppmdd.lib(directives.obj)' or at 'C:\Users\Zentryn\Documents\Visual Studio 2015\Projects\Visual-Novel-Game-Cpp\Release\yaml-cpp static md.pdb'; linking object as if no debug info
libyaml-cppmdd.lib(exp.obj) : warning LNK4099: PDB 'yaml-cpp static md.pdb' was not found with 'libyaml-cppmdd.lib(exp.obj)' or at 'C:\Users\Zentryn\Documents\Visual Studio 2015\Projects\Visual-Novel-Game-Cpp\Release\yaml-cpp static md.pdb'; linking object as if no debug info
libyaml-cppmdd.lib(memory.obj) : warning LNK4099: PDB 'yaml-cpp static md.pdb' was not found with 'libyaml-cppmdd.lib(memory.obj)' or at 'C:\Users\Zentryn\Documents\Visual Studio 2015\Projects\Visual-Novel-Game-Cpp\Release\yaml-cpp static md.pdb'; linking object as if no debug info
libyaml-cppmdd.lib(node_data.obj) : warning LNK4099: PDB 'yaml-cpp static md.pdb' was not found with 'libyaml-cppmdd.lib(node_data.obj)' or at 'C:\Users\Zentryn\Documents\Visual Studio 2015\Projects\Visual-Novel-Game-Cpp\Release\yaml-cpp static md.pdb'; linking object as if no debug info
libyaml-cppmdd.lib(nodebuilder.obj) : warning LNK4099: PDB 'yaml-cpp static md.pdb' was not found with 'libyaml-cppmdd.lib(nodebuilder.obj)' or at 'C:\Users\Zentryn\Documents\Visual Studio 2015\Projects\Visual-Novel-Game-Cpp\Release\yaml-cpp static md.pdb'; linking object as if no debug info
libyaml-cppmdd.lib(null.obj) : warning LNK4099: PDB 'yaml-cpp static md.pdb' was not found with 'libyaml-cppmdd.lib(null.obj)' or at 'C:\Users\Zentryn\Documents\Visual Studio 2015\Projects\Visual-Novel-Game-Cpp\Release\yaml-cpp static md.pdb'; linking object as if no debug info
libyaml-cppmdd.lib(parse.obj) : warning LNK4099: PDB 'yaml-cpp static md.pdb' was not found with 'libyaml-cppmdd.lib(parse.obj)' or at 'C:\Users\Zentryn\Documents\Visual Studio 2015\Projects\Visual-Novel-Game-Cpp\Release\yaml-cpp static md.pdb'; linking object as if no debug info
libyaml-cppmdd.lib(parser.obj) : warning LNK4099: PDB 'yaml-cpp static md.pdb' was not found with 'libyaml-cppmdd.lib(parser.obj)' or at 'C:\Users\Zentryn\Documents\Visual Studio 2015\Projects\Visual-Novel-Game-Cpp\Release\yaml-cpp static md.pdb'; linking object as if no debug info
libyaml-cppmdd.lib(regex_yaml.obj) : warning LNK4099: PDB 'yaml-cpp static md.pdb' was not found with 'libyaml-cppmdd.lib(regex_yaml.obj)' or at 'C:\Users\Zentryn\Documents\Visual Studio 2015\Projects\Visual-Novel-Game-Cpp\Release\yaml-cpp static md.pdb'; linking object as if no debug info
libyaml-cppmdd.lib(scanner.obj) : warning LNK4099: PDB 'yaml-cpp static md.pdb' was not found with 'libyaml-cppmdd.lib(scanner.obj)' or at 'C:\Users\Zentryn\Documents\Visual Studio 2015\Projects\Visual-Novel-Game-Cpp\Release\yaml-cpp static md.pdb'; linking object as if no debug info
libyaml-cppmdd.lib(scanscalar.obj) : warning LNK4099: PDB 'yaml-cpp static md.pdb' was not found with 'libyaml-cppmdd.lib(scanscalar.obj)' or at 'C:\Users\Zentryn\Documents\Visual Studio 2015\Projects\Visual-Novel-Game-Cpp\Release\yaml-cpp static md.pdb'; linking object as if no debug info
libyaml-cppmdd.lib(scantag.obj) : warning LNK4099: PDB 'yaml-cpp static md.pdb' was not found with 'libyaml-cppmdd.lib(scantag.obj)' or at 'C:\Users\Zentryn\Documents\Visual Studio 2015\Projects\Visual-Novel-Game-Cpp\Release\yaml-cpp static md.pdb'; linking object as if no debug info
libyaml-cppmdd.lib(scantoken.obj) : warning LNK4099: PDB 'yaml-cpp static md.pdb' was not found with 'libyaml-cppmdd.lib(scantoken.obj)' or at 'C:\Users\Zentryn\Documents\Visual Studio 2015\Projects\Visual-Novel-Game-Cpp\Release\yaml-cpp static md.pdb'; linking object as if no debug info
libyaml-cppmdd.lib(simplekey.obj) : warning LNK4099: PDB 'yaml-cpp static md.pdb' was not found with 'libyaml-cppmdd.lib(simplekey.obj)' or at 'C:\Users\Zentryn\Documents\Visual Studio 2015\Projects\Visual-Novel-Game-Cpp\Release\yaml-cpp static md.pdb'; linking object as if no debug info
libyaml-cppmdd.lib(singledocparser.obj) : warning LNK4099: PDB 'yaml-cpp static md.pdb' was not found with 'libyaml-cppmdd.lib(singledocparser.obj)' or at 'C:\Users\Zentryn\Documents\Visual Studio 2015\Projects\Visual-Novel-Game-Cpp\Release\yaml-cpp static md.pdb'; linking object as if no debug info
libyaml-cppmdd.lib(stream.obj) : warning LNK4099: PDB 'yaml-cpp static md.pdb' was not found with 'libyaml-cppmdd.lib(stream.obj)' or at 'C:\Users\Zentryn\Documents\Visual Studio 2015\Projects\Visual-Novel-Game-Cpp\Release\yaml-cpp static md.pdb'; linking object as if no debug info
libyaml-cppmdd.lib(tag.obj) : warning LNK4099: PDB 'yaml-cpp static md.pdb' was not found with 'libyaml-cppmdd.lib(tag.obj)' or at 'C:\Users\Zentryn\Documents\Visual Studio 2015\Projects\Visual-Novel-Game-Cpp\Release\yaml-cpp static md.pdb'; linking object as if no debug info
  StoryEditor.vcxproj -> C:\Users\Zentryn\Documents\Visual Studio 2015\Projects\Visual-Novel-Game-Cpp\Release\StoryEditor.exe
  StoryEditor.vcxproj -> C:\Users\Zentryn\Documents\Visual Studio 2015\Projects\Visual-Novel-Game-Cpp\Release\StoryEditor.pdb (Full PDB)
